2026-04-17 09:21:43 - api_gateway.websocket - INFO - 🛑 Redis订阅器已取消
2026-04-17 09:21:43 - api_gateway.utils.redis_client - INFO - ❌ Redis连接已关闭
2026-04-17 09:21:43 - api_gateway.utils.rabbitmq_client - INFO - ✅ RabbitMQ连接已关闭
2026-04-17 09:21:43 - api_gateway.main - INFO - Unified backend stopped
2026-04-17 09:21:52 - api_gateway.main - INFO - Speech services router mounted into unified backend
2026-04-17 09:21:52 - api_gateway.main - WARNING - TTS services router skipped: No module named 'hyperpyyaml'
2026-04-17 09:21:52 - api_gateway.main - INFO - Unified backend starting
2026-04-17 09:21:52 - api_gateway.utils.rabbitmq_client - INFO - ✅ RabbitMQ连接成功: 192.168.3.61:5672
2026-04-17 09:21:52 - api_gateway.utils.rabbitmq_client - INFO - ✅ 队列已声明: job_processing
2026-04-17 09:21:52 - api_gateway.utils.rabbitmq_client - INFO - ✅ 死信队列已声明: job_processing_dlx
2026-04-17 09:21:52 - api_gateway.utils.redis_client - INFO - ✅ Redis连接成功: redis://192.168.3.61:6379
2026-04-17 09:21:52 - api_gateway.websocket - INFO - 🚀 启动Redis订阅器...
2026-04-17 09:21:52 - api_gateway.utils.redis_client - INFO - ✅ Redis订阅成功: patterns=('job:*:progress', 'job:*:review')
2026-04-17 09:21:52 - api_gateway.websocket - INFO - ✅ Redis订阅器已启动
2026-04-17 09:21:52 - api_gateway.websocket - INFO -    - job:*:progress (编排Agent进度)
2026-04-17 09:21:52 - api_gateway.websocket - INFO -    - job:*:review (交互Agent审核)
2026-04-17 09:21:52 - api_gateway.websocket - DEBUG - 📝 订阅确认: {'type': 'psubscribe', 'pattern': None, 'channel': 'job:*:progress', 'data': 1}
2026-04-17 09:21:52 - api_gateway.websocket - DEBUG - 📝 订阅确认: {'type': 'psubscribe', 'pattern': None, 'channel': 'job:*:review', 'data': 2}
2026-04-17 09:26:48 - api_gateway.websocket - INFO - ✅ WebSocket连接建立: job_id=1c3d074f-ff0d-4df6-b6c5-bad5f90e989c, 当前连接数=1
2026-04-17 09:26:48 - api_gateway.routers.websocket_router - INFO - 📨 欢迎消息已发送: job_id=1c3d074f-ff0d-4df6-b6c5-bad5f90e989c
2026-04-17 09:26:48 - api_gateway.repositories.review_repository - INFO - 📊 查询 subgraphs: job_id=1c3d074f-ff0d-4df6-b6c5-bad5f90e989c
2026-04-17 09:26:48 - api_gateway.repositories.review_repository - INFO - ✅ 查询完成: 69 条记录
2026-04-17 09:26:50 - api_gateway.websocket - INFO - ❌ WebSocket连接断开: job_id=1c3d074f-ff0d-4df6-b6c5-bad5f90e989c
2026-04-17 09:26:50 - api_gateway.websocket - INFO - 🗑️  任务连接池已清空: job_id=1c3d074f-ff0d-4df6-b6c5-bad5f90e989c
2026-04-17 09:26:50 - api_gateway.routers.websocket_router - INFO - 🔌 客户端主动断开连接: job_id=1c3d074f-ff0d-4df6-b6c5-bad5f90e989c
2026-04-17 09:27:03 - api_gateway.services.job_service - INFO - 📤 用户 a63b7863-5faf-4b00-9ec3-758495b0fb66 开始创建任务
2026-04-17 09:27:03 - api_gateway.utils.validators - INFO - ✅ DWG文件验证通过: M250238-P6-20260414.dwg
2026-04-17 09:27:03 - api_gateway.services.job_service - INFO - ✅ DWG文件验证通过: M250238-P6-20260414.dwg
2026-04-17 09:27:03 - api_gateway.utils.validators - WARNING - ⚠️ PRT文件MIME类型异常: application/nx，但允许继续
2026-04-17 09:27:03 - api_gateway.utils.validators - INFO - ✅ PRT文件验证通过: M250238-P6-20260414.prt
2026-04-17 09:27:03 - api_gateway.services.job_service - INFO - ✅ PRT文件验证通过: M250238-P6-20260414.prt
2026-04-17 09:27:03 - api_gateway.utils.encryption - DEBUG - 检查文件加密状态（当前未实现，返回False）
2026-04-17 09:27:03 - api_gateway.utils.encryption - DEBUG - 文件未加密，无需解密
2026-04-17 09:27:03 - api_gateway.utils.encryption - DEBUG - 检查文件加密状态（当前未实现，返回False）
2026-04-17 09:27:03 - api_gateway.utils.encryption - DEBUG - 文件未加密，无需解密
2026-04-17 09:27:03 - api_gateway.services.job_service - INFO - 📤 开始上传DWG文件: M250238-P6-20260414.dwg
2026-04-17 09:27:04 - api_gateway.utils.minio_client - INFO - ✅ 文件上传成功: dwg/2026/04/6d15c141-58d4-4691-8de1-3d92ee7683d9.dwg (4555956 bytes)
2026-04-17 09:27:04 - api_gateway.services.job_service - INFO - ✅ DWG文件上传成功: dwg/2026/04/6d15c141-58d4-4691-8de1-3d92ee7683d9.dwg
2026-04-17 09:27:04 - api_gateway.services.job_service - INFO - 📤 开始上传PRT文件: M250238-P6-20260414.prt
2026-04-17 09:27:07 - api_gateway.utils.minio_client - INFO - ✅ 文件上传成功: prt/2026/04/773a4782-51f0-4feb-a464-03edef9be158.prt (113627136 bytes)
2026-04-17 09:27:07 - api_gateway.services.job_service - INFO - ✅ PRT文件上传成功: prt/2026/04/773a4782-51f0-4feb-a464-03edef9be158.prt
2026-04-17 09:27:07 - api_gateway.repositories.job_repository - INFO - ✅ Job记录已创建: 1a5e96f2-5264-40df-9ab3-af8f7f23e79e
2026-04-17 09:27:07 - api_gateway.services.job_service - INFO - ✅ 聊天会话已创建: 1a5e96f2-5264-40df-9ab3-af8f7f23e79e, name=M250238-P6-20260414
2026-04-17 09:27:07 - api_gateway.repositories.snapshot_repository - INFO - ✅ 价格快照已创建: job_id=1a5e96f2-5264-40df-9ab3-af8f7f23e79e, count=169
2026-04-17 09:27:07 - api_gateway.services.job_service - INFO - ✅ 快照创建完成: {'price_items_count': 169}
2026-04-17 09:27:07 - api_gateway.repositories.audit_repository - INFO - ✅ 审计日志已记录: file_upload - 1a5e96f2-5264-40df-9ab3-af8f7f23e79e
2026-04-17 09:27:07 - api_gateway.services.job_service - INFO - ✅ 数据库事务提交成功: 1a5e96f2-5264-40df-9ab3-af8f7f23e79e
2026-04-17 09:27:07 - api_gateway.utils.rabbitmq_client - INFO - ✅ 消息已发送到队列 [job_processing]: 1a5e96f2-5264-40df-9ab3-af8f7f23e79e
2026-04-17 09:27:07 - api_gateway.services.job_service - INFO - ✅ 消息已发送到RabbitMQ: 1a5e96f2-5264-40df-9ab3-af8f7f23e79e
2026-04-17 09:27:07 - api_gateway.services.job_service - INFO - 🎉 任务创建完成: 1a5e96f2-5264-40df-9ab3-af8f7f23e79e
2026-04-17 09:27:07 - api_gateway.websocket - INFO - ✅ WebSocket连接建立: job_id=1a5e96f2-5264-40df-9ab3-af8f7f23e79e, 当前连接数=1
2026-04-17 09:27:07 - api_gateway.routers.websocket_router - INFO - 📨 欢迎消息已发送: job_id=1a5e96f2-5264-40df-9ab3-af8f7f23e79e
2026-04-17 09:27:08 - api_gateway.utils.redis_client - INFO - ✅ Redis连接成功: redis://192.168.3.61:6379
2026-04-17 09:27:08 - api_gateway.utils.redis_client - DEBUG - 📤 Redis消息已发布: channel=job:1a5e96f2-5264-40df-9ab3-af8f7f23e79e:progress
2026-04-17 09:27:08 - api_gateway.websocket - INFO - 📤 消息已发送: job_id=1a5e96f2-5264-40df-9ab3-af8f7f23e79e, 接收者=1
2026-04-17 09:27:08 - api_gateway.websocket - DEBUG - 💾 消息已保存到历史: job_id=1a5e96f2-5264-40df-9ab3-af8f7f23e79e
2026-04-17 09:27:08 - api_gateway.utils.chat_logger - DEBUG - 系统消息已记录: 1a5e96f2-5264-40df-9ab3-af8f7f23e79e
2026-04-17 09:27:08 - api_gateway.websocket - DEBUG - 💾 消息已持久化到数据库: job_id=1a5e96f2-5264-40df-9ab3-af8f7f23e79e, type=progress
2026-04-17 09:27:08 - api_gateway.websocket - INFO - ✅ Redis消息已处理: job_id=1a5e96f2-5264-40df-9ab3-af8f7f23e79e, channel=progress, type=progress
2026-04-17 09:27:22 - api_gateway.routers.websocket_router - DEBUG - 📥 收到 ping: job_id=1a5e96f2-5264-40df-9ab3-af8f7f23e79e, sequence=1
2026-04-17 09:27:37 - api_gateway.routers.websocket_router - DEBUG - 📥 收到 ping: job_id=1a5e96f2-5264-40df-9ab3-af8f7f23e79e, sequence=2
2026-04-17 09:27:53 - api_gateway.routers.websocket_router - DEBUG - 📥 收到 ping: job_id=1a5e96f2-5264-40df-9ab3-af8f7f23e79e, sequence=3
2026-04-17 09:27:59 - api_gateway.websocket - INFO - ❌ WebSocket连接断开: job_id=1a5e96f2-5264-40df-9ab3-af8f7f23e79e
2026-04-17 09:27:59 - api_gateway.websocket - INFO - 🗑️  任务连接池已清空: job_id=1a5e96f2-5264-40df-9ab3-af8f7f23e79e
2026-04-17 09:27:59 - api_gateway.routers.websocket_router - INFO - 🔌 客户端主动断开连接: job_id=1a5e96f2-5264-40df-9ab3-af8f7f23e79e
2026-04-17 09:27:59 - api_gateway.websocket - INFO - ✅ WebSocket连接建立: job_id=1c3d074f-ff0d-4df6-b6c5-bad5f90e989c, 当前连接数=1
2026-04-17 09:27:59 - api_gateway.routers.websocket_router - INFO - 📨 欢迎消息已发送: job_id=1c3d074f-ff0d-4df6-b6c5-bad5f90e989c
2026-04-17 09:27:59 - api_gateway.repositories.review_repository - INFO - 📊 查询 subgraphs: job_id=1c3d074f-ff0d-4df6-b6c5-bad5f90e989c
2026-04-17 09:27:59 - api_gateway.repositories.review_repository - INFO - ✅ 查询完成: 69 条记录
2026-04-17 09:28:02 - api_gateway.websocket - INFO - ❌ WebSocket连接断开: job_id=1c3d074f-ff0d-4df6-b6c5-bad5f90e989c
2026-04-17 09:28:02 - api_gateway.websocket - INFO - 🗑️  任务连接池已清空: job_id=1c3d074f-ff0d-4df6-b6c5-bad5f90e989c
2026-04-17 09:28:02 - api_gateway.routers.websocket_router - INFO - 🔌 客户端主动断开连接: job_id=1c3d074f-ff0d-4df6-b6c5-bad5f90e989c
2026-04-17 09:28:02 - api_gateway.websocket - INFO - ✅ WebSocket连接建立: job_id=1a5e96f2-5264-40df-9ab3-af8f7f23e79e, 当前连接数=1
2026-04-17 09:28:02 - api_gateway.routers.websocket_router - INFO - 📨 欢迎消息已发送: job_id=1a5e96f2-5264-40df-9ab3-af8f7f23e79e
2026-04-17 09:28:17 - api_gateway.routers.websocket_router - DEBUG - 📥 收到 ping: job_id=1a5e96f2-5264-40df-9ab3-af8f7f23e79e, sequence=1
2026-04-17 09:28:32 - api_gateway.routers.websocket_router - DEBUG - 📥 收到 ping: job_id=1a5e96f2-5264-40df-9ab3-af8f7f23e79e, sequence=2
2026-04-17 09:28:47 - api_gateway.routers.websocket_router - DEBUG - 📥 收到 ping: job_id=1a5e96f2-5264-40df-9ab3-af8f7f23e79e, sequence=3
2026-04-17 09:29:02 - api_gateway.routers.websocket_router - DEBUG - 📥 收到 ping: job_id=1a5e96f2-5264-40df-9ab3-af8f7f23e79e, sequence=4
2026-04-17 09:29:17 - api_gateway.routers.websocket_router - DEBUG - 📥 收到 ping: job_id=1a5e96f2-5264-40df-9ab3-af8f7f23e79e, sequence=5
2026-04-17 09:29:32 - api_gateway.routers.websocket_router - DEBUG - 📥 收到 ping: job_id=1a5e96f2-5264-40df-9ab3-af8f7f23e79e, sequence=6
2026-04-17 09:29:47 - api_gateway.routers.websocket_router - DEBUG - 📥 收到 ping: job_id=1a5e96f2-5264-40df-9ab3-af8f7f23e79e, sequence=7
2026-04-17 09:29:48 - api_gateway.websocket - INFO - 📤 消息已发送: job_id=1a5e96f2-5264-40df-9ab3-af8f7f23e79e, 接收者=1
2026-04-17 09:29:48 - api_gateway.websocket - DEBUG - 💾 消息已保存到历史: job_id=1a5e96f2-5264-40df-9ab3-af8f7f23e79e
2026-04-17 09:29:48 - api_gateway.utils.chat_logger - DEBUG - 系统消息已记录: 1a5e96f2-5264-40df-9ab3-af8f7f23e79e
2026-04-17 09:29:48 - api_gateway.websocket - DEBUG - 💾 消息已持久化到数据库: job_id=1a5e96f2-5264-40df-9ab3-af8f7f23e79e, type=progress
2026-04-17 09:29:48 - api_gateway.websocket - INFO - ✅ Redis消息已处理: job_id=1a5e96f2-5264-40df-9ab3-af8f7f23e79e, channel=progress, type=progress
2026-04-17 09:29:48 - api_gateway.websocket - INFO - 📤 消息已发送: job_id=1a5e96f2-5264-40df-9ab3-af8f7f23e79e, 接收者=1
2026-04-17 09:29:48 - api_gateway.websocket - DEBUG - 💾 消息已保存到历史: job_id=1a5e96f2-5264-40df-9ab3-af8f7f23e79e
2026-04-17 09:29:48 - api_gateway.utils.chat_logger - DEBUG - 系统消息已记录: 1a5e96f2-5264-40df-9ab3-af8f7f23e79e
2026-04-17 09:29:48 - api_gateway.websocket - DEBUG - 💾 消息已持久化到数据库: job_id=1a5e96f2-5264-40df-9ab3-af8f7f23e79e, type=progress
2026-04-17 09:29:48 - api_gateway.websocket - INFO - ✅ Redis消息已处理: job_id=1a5e96f2-5264-40df-9ab3-af8f7f23e79e, channel=progress, type=progress
2026-04-17 09:29:48 - api_gateway.websocket - INFO - 📤 消息已发送: job_id=1a5e96f2-5264-40df-9ab3-af8f7f23e79e, 接收者=1
2026-04-17 09:29:48 - api_gateway.websocket - DEBUG - 💾 消息已保存到历史: job_id=1a5e96f2-5264-40df-9ab3-af8f7f23e79e
2026-04-17 09:29:48 - api_gateway.utils.chat_logger - DEBUG - 系统消息已记录: 1a5e96f2-5264-40df-9ab3-af8f7f23e79e
2026-04-17 09:29:48 - api_gateway.websocket - DEBUG - 💾 消息已持久化到数据库: job_id=1a5e96f2-5264-40df-9ab3-af8f7f23e79e, type=progress
2026-04-17 09:29:48 - api_gateway.websocket - INFO - ✅ Redis消息已处理: job_id=1a5e96f2-5264-40df-9ab3-af8f7f23e79e, channel=progress, type=progress
2026-04-17 09:29:48 - api_gateway.utils.redis_client - DEBUG - 📤 Redis消息已发布: channel=job:1a5e96f2-5264-40df-9ab3-af8f7f23e79e:progress
2026-04-17 09:30:02 - api_gateway.routers.websocket_router - DEBUG - 📥 收到 ping: job_id=1a5e96f2-5264-40df-9ab3-af8f7f23e79e, sequence=8
2026-04-17 09:30:17 - api_gateway.routers.websocket_router - DEBUG - 📥 收到 ping: job_id=1a5e96f2-5264-40df-9ab3-af8f7f23e79e, sequence=9
2026-04-17 09:30:32 - api_gateway.routers.websocket_router - DEBUG - 📥 收到 ping: job_id=1a5e96f2-5264-40df-9ab3-af8f7f23e79e, sequence=10
2026-04-17 09:30:47 - api_gateway.routers.websocket_router - DEBUG - 📥 收到 ping: job_id=1a5e96f2-5264-40df-9ab3-af8f7f23e79e, sequence=11
2026-04-17 09:31:02 - api_gateway.routers.websocket_router - DEBUG - 📥 收到 ping: job_id=1a5e96f2-5264-40df-9ab3-af8f7f23e79e, sequence=12
2026-04-17 09:31:17 - api_gateway.routers.websocket_router - DEBUG - 📥 收到 ping: job_id=1a5e96f2-5264-40df-9ab3-af8f7f23e79e, sequence=13
2026-04-17 09:31:32 - api_gateway.routers.websocket_router - DEBUG - 📥 收到 ping: job_id=1a5e96f2-5264-40df-9ab3-af8f7f23e79e, sequence=14
2026-04-17 09:31:47 - api_gateway.routers.websocket_router - DEBUG - 📥 收到 ping: job_id=1a5e96f2-5264-40df-9ab3-af8f7f23e79e, sequence=15
2026-04-17 09:32:02 - api_gateway.routers.websocket_router - DEBUG - 📥 收到 ping: job_id=1a5e96f2-5264-40df-9ab3-af8f7f23e79e, sequence=16
2026-04-17 09:32:17 - api_gateway.routers.websocket_router - DEBUG - 📥 收到 ping: job_id=1a5e96f2-5264-40df-9ab3-af8f7f23e79e, sequence=17
2026-04-17 09:32:23 - api_gateway.utils.redis_client - DEBUG - 📤 Redis消息已发布: channel=job:1a5e96f2-5264-40df-9ab3-af8f7f23e79e:progress
2026-04-17 09:32:23 - api_gateway.websocket - INFO - 📤 消息已发送: job_id=1a5e96f2-5264-40df-9ab3-af8f7f23e79e, 接收者=1
2026-04-17 09:32:23 - api_gateway.websocket - DEBUG - 💾 消息已保存到历史: job_id=1a5e96f2-5264-40df-9ab3-af8f7f23e79e
2026-04-17 09:32:23 - api_gateway.utils.chat_logger - DEBUG - 系统消息已记录: 1a5e96f2-5264-40df-9ab3-af8f7f23e79e
2026-04-17 09:32:23 - api_gateway.websocket - DEBUG - 💾 消息已持久化到数据库: job_id=1a5e96f2-5264-40df-9ab3-af8f7f23e79e, type=progress
2026-04-17 09:32:23 - api_gateway.websocket - INFO - ✅ Redis消息已处理: job_id=1a5e96f2-5264-40df-9ab3-af8f7f23e79e, channel=progress, type=progress
2026-04-17 09:32:23 - api_gateway.routers.review_router - INFO - 📋 启动审核: job_id=1a5e96f2-5264-40df-9ab3-af8f7f23e79e, user_id=a63b7863-5faf-4b00-9ec3-758495b0fb66
2026-04-17 09:32:23 - api_gateway.utils.chat_logger - INFO - 📝 开始检查会话: session_id=1a5e96f2-5264-40df-9ab3-af8f7f23e79e
2026-04-17 09:32:23 - api_gateway.utils.chat_logger - DEBUG - 查询会话信息...
2026-04-17 09:32:23 - api_gateway.utils.chat_logger - DEBUG - ✅ 会话已存在: 1a5e96f2-5264-40df-9ab3-af8f7f23e79e
2026-04-17 09:32:23 - api_gateway.repositories.review_repository - INFO - 📊 批量查询审核数据（4表架构）: job_id=1a5e96f2-5264-40df-9ab3-af8f7f23e79e
2026-04-17 09:32:23 - api_gateway.repositories.review_repository - INFO - 📊 查询 features: job_id=1a5e96f2-5264-40df-9ab3-af8f7f23e79e
2026-04-17 09:32:23 - api_gateway.repositories.review_repository - INFO - ✅ 查询完成: 118 条记录
2026-04-17 09:32:23 - api_gateway.repositories.review_repository - INFO - 📊 查询 price_snapshots: job_id=1a5e96f2-5264-40df-9ab3-af8f7f23e79e
2026-04-17 09:32:23 - api_gateway.repositories.review_repository - INFO - ✅ 查询完成: 169 条记录
2026-04-17 09:32:23 - api_gateway.repositories.review_repository - INFO - 📊 查询 subgraphs: job_id=1a5e96f2-5264-40df-9ab3-af8f7f23e79e
2026-04-17 09:32:23 - api_gateway.repositories.review_repository - INFO - ✅ 查询完成: 118 条记录
2026-04-17 09:32:23 - api_gateway.repositories.review_repository - INFO - 📊 查询 processing_cost_calculation_details: job_id=1a5e96f2-5264-40df-9ab3-af8f7f23e79e
2026-04-17 09:32:23 - api_gateway.repositories.review_repository - INFO - ✅ 查询完成: 118 条记录
2026-04-17 09:32:23 - api_gateway.repositories.review_repository - INFO - ✅ 批量查询完成: features=118, job_price_snapshots=169, subgraphs=118, processing_cost_calculation_details=118
2026-04-17 09:32:23 - api_gateway.utils.redis_client - DEBUG - 📤 Redis消息已发布: channel=job:1a5e96f2-5264-40df-9ab3-af8f7f23e79e:review
2026-04-17 09:32:23 - api_gateway.websocket - INFO - 📤 消息已发送: job_id=1a5e96f2-5264-40df-9ab3-af8f7f23e79e, 接收者=1
2026-04-17 09:32:23 - api_gateway.utils.chat_logger - DEBUG - 系统消息已记录: 1a5e96f2-5264-40df-9ab3-af8f7f23e79e
2026-04-17 09:32:25 - api_gateway.websocket - DEBUG - 💾 消息已保存到历史: job_id=1a5e96f2-5264-40df-9ab3-af8f7f23e79e
2026-04-17 09:32:25 - api_gateway.websocket - INFO - ✅ Redis消息已处理: job_id=1a5e96f2-5264-40df-9ab3-af8f7f23e79e, channel=review, type=review_display_view
2026-04-17 09:32:28 - api_gateway.utils.redis_client - DEBUG - 📤 Redis消息已发布: channel=job:1a5e96f2-5264-40df-9ab3-af8f7f23e79e:progress
2026-04-17 09:32:28 - api_gateway.websocket - INFO - 📤 消息已发送: job_id=1a5e96f2-5264-40df-9ab3-af8f7f23e79e, 接收者=1
2026-04-17 09:32:28 - api_gateway.websocket - DEBUG - 💾 消息已保存到历史: job_id=1a5e96f2-5264-40df-9ab3-af8f7f23e79e
2026-04-17 09:32:28 - api_gateway.utils.redis_client - DEBUG - 📤 Redis消息已发布: channel=job:1a5e96f2-5264-40df-9ab3-af8f7f23e79e:progress
2026-04-17 09:32:28 - api_gateway.utils.chat_logger - DEBUG - 系统消息已记录: 1a5e96f2-5264-40df-9ab3-af8f7f23e79e
2026-04-17 09:32:28 - api_gateway.websocket - DEBUG - 💾 消息已持久化到数据库: job_id=1a5e96f2-5264-40df-9ab3-af8f7f23e79e, type=progress
2026-04-17 09:32:28 - api_gateway.websocket - INFO - ✅ Redis消息已处理: job_id=1a5e96f2-5264-40df-9ab3-af8f7f23e79e, channel=progress, type=progress
2026-04-17 09:32:28 - api_gateway.websocket - INFO - 📤 消息已发送: job_id=1a5e96f2-5264-40df-9ab3-af8f7f23e79e, 接收者=1
2026-04-17 09:32:28 - api_gateway.websocket - DEBUG - 💾 消息已保存到历史: job_id=1a5e96f2-5264-40df-9ab3-af8f7f23e79e
2026-04-17 09:32:28 - api_gateway.utils.chat_logger - DEBUG - 系统消息已记录: 1a5e96f2-5264-40df-9ab3-af8f7f23e79e
2026-04-17 09:32:28 - api_gateway.websocket - DEBUG - 💾 消息已持久化到数据库: job_id=1a5e96f2-5264-40df-9ab3-af8f7f23e79e, type=progress
2026-04-17 09:32:28 - api_gateway.websocket - INFO - ✅ Redis消息已处理: job_id=1a5e96f2-5264-40df-9ab3-af8f7f23e79e, channel=progress, type=progress
2026-04-17 09:32:28 - api_gateway.routers.review_router - INFO - 📋 启动审核: job_id=1a5e96f2-5264-40df-9ab3-af8f7f23e79e, user_id=a63b7863-5faf-4b00-9ec3-758495b0fb66
2026-04-17 09:32:28 - api_gateway.utils.chat_logger - INFO - 📝 开始检查会话: session_id=1a5e96f2-5264-40df-9ab3-af8f7f23e79e
2026-04-17 09:32:28 - api_gateway.utils.chat_logger - DEBUG - 查询会话信息...
2026-04-17 09:32:28 - api_gateway.utils.chat_logger - DEBUG - ✅ 会话已存在: 1a5e96f2-5264-40df-9ab3-af8f7f23e79e
2026-04-17 09:32:32 - api_gateway.routers.websocket_router - DEBUG - 📥 收到 ping: job_id=1a5e96f2-5264-40df-9ab3-af8f7f23e79e, sequence=18
2026-04-17 09:32:38 - api_gateway.websocket - INFO - ❌ WebSocket连接断开: job_id=1a5e96f2-5264-40df-9ab3-af8f7f23e79e
2026-04-17 09:32:38 - api_gateway.websocket - INFO - 🗑️  任务连接池已清空: job_id=1a5e96f2-5264-40df-9ab3-af8f7f23e79e
2026-04-17 09:32:38 - api_gateway.routers.websocket_router - INFO - 🔌 客户端主动断开连接: job_id=1a5e96f2-5264-40df-9ab3-af8f7f23e79e
2026-04-17 09:32:38 - api_gateway.websocket - INFO - ✅ WebSocket连接建立: job_id=ce4951b3-39ab-4f10-9b94-fb2b1cf4a0f7, 当前连接数=1
2026-04-17 09:32:38 - api_gateway.routers.websocket_router - INFO - 📨 欢迎消息已发送: job_id=ce4951b3-39ab-4f10-9b94-fb2b1cf4a0f7
2026-04-17 09:32:38 - api_gateway.repositories.review_repository - INFO - 📊 查询 subgraphs: job_id=ce4951b3-39ab-4f10-9b94-fb2b1cf4a0f7
2026-04-17 09:32:38 - api_gateway.repositories.review_repository - INFO - ✅ 查询完成: 118 条记录
2026-04-17 09:32:42 - api_gateway.websocket - INFO - ❌ WebSocket连接断开: job_id=ce4951b3-39ab-4f10-9b94-fb2b1cf4a0f7
2026-04-17 09:32:42 - api_gateway.websocket - INFO - 🗑️  任务连接池已清空: job_id=ce4951b3-39ab-4f10-9b94-fb2b1cf4a0f7
2026-04-17 09:32:42 - api_gateway.routers.websocket_router - INFO - 🔌 客户端主动断开连接: job_id=ce4951b3-39ab-4f10-9b94-fb2b1cf4a0f7
2026-04-17 09:32:43 - api_gateway.websocket - INFO - ✅ WebSocket连接建立: job_id=1a5e96f2-5264-40df-9ab3-af8f7f23e79e, 当前连接数=1
2026-04-17 09:32:43 - api_gateway.routers.websocket_router - INFO - 📨 欢迎消息已发送: job_id=1a5e96f2-5264-40df-9ab3-af8f7f23e79e
2026-04-17 09:32:43 - api_gateway.repositories.review_repository - INFO - 📊 查询 subgraphs: job_id=1a5e96f2-5264-40df-9ab3-af8f7f23e79e
2026-04-17 09:32:43 - api_gateway.repositories.review_repository - INFO - ✅ 查询完成: 118 条记录
2026-04-17 09:32:43 - api_gateway.routers.review_router - INFO - 📋 启动审核: job_id=1a5e96f2-5264-40df-9ab3-af8f7f23e79e, user_id=a63b7863-5faf-4b00-9ec3-758495b0fb66
2026-04-17 09:32:43 - api_gateway.utils.chat_logger - INFO - 📝 开始检查会话: session_id=1a5e96f2-5264-40df-9ab3-af8f7f23e79e
2026-04-17 09:32:43 - api_gateway.utils.chat_logger - DEBUG - 查询会话信息...
2026-04-17 09:32:43 - api_gateway.utils.chat_logger - DEBUG - ✅ 会话已存在: 1a5e96f2-5264-40df-9ab3-af8f7f23e79e
2026-04-17 09:32:54 - api_gateway.websocket - INFO - ❌ WebSocket连接断开: job_id=1a5e96f2-5264-40df-9ab3-af8f7f23e79e
2026-04-17 09:32:54 - api_gateway.websocket - INFO - 🗑️  任务连接池已清空: job_id=1a5e96f2-5264-40df-9ab3-af8f7f23e79e
2026-04-17 09:32:54 - api_gateway.routers.websocket_router - INFO - 🔌 客户端主动断开连接: job_id=1a5e96f2-5264-40df-9ab3-af8f7f23e79e
2026-04-17 09:32:57 - api_gateway.websocket - INFO - ✅ WebSocket连接建立: job_id=1a5e96f2-5264-40df-9ab3-af8f7f23e79e, 当前连接数=1
2026-04-17 09:32:57 - api_gateway.routers.websocket_router - INFO - 📨 欢迎消息已发送: job_id=1a5e96f2-5264-40df-9ab3-af8f7f23e79e
2026-04-17 09:32:57 - api_gateway.repositories.review_repository - INFO - 📊 查询 subgraphs: job_id=1a5e96f2-5264-40df-9ab3-af8f7f23e79e
2026-04-17 09:32:57 - api_gateway.repositories.review_repository - INFO - ✅ 查询完成: 118 条记录
2026-04-17 09:32:57 - api_gateway.routers.review_router - INFO - 📋 启动审核: job_id=1a5e96f2-5264-40df-9ab3-af8f7f23e79e, user_id=a63b7863-5faf-4b00-9ec3-758495b0fb66
2026-04-17 09:32:57 - api_gateway.utils.chat_logger - INFO - 📝 开始检查会话: session_id=1a5e96f2-5264-40df-9ab3-af8f7f23e79e
2026-04-17 09:32:57 - api_gateway.utils.chat_logger - DEBUG - 查询会话信息...
2026-04-17 09:32:57 - api_gateway.utils.chat_logger - DEBUG - ✅ 会话已存在: 1a5e96f2-5264-40df-9ab3-af8f7f23e79e
2026-04-17 09:33:00 - api_gateway.utils.redis_client - DEBUG - 📤 Redis消息已发布: channel=job:1a5e96f2-5264-40df-9ab3-af8f7f23e79e:review
2026-04-17 09:33:00 - api_gateway.websocket - INFO - 📤 消息已发送: job_id=1a5e96f2-5264-40df-9ab3-af8f7f23e79e, 接收者=1
2026-04-17 09:33:00 - api_gateway.utils.chat_logger - DEBUG - 系统消息已记录: 1a5e96f2-5264-40df-9ab3-af8f7f23e79e
2026-04-17 09:33:00 - api_gateway.routers.review_router - INFO - ✅ 审核启动成功: job_id=1a5e96f2-5264-40df-9ab3-af8f7f23e79e
2026-04-17 09:33:00 - api_gateway.websocket - DEBUG - 💾 消息已保存到历史: job_id=1a5e96f2-5264-40df-9ab3-af8f7f23e79e
2026-04-17 09:33:00 - api_gateway.websocket - INFO - ✅ Redis消息已处理: job_id=1a5e96f2-5264-40df-9ab3-af8f7f23e79e, channel=review, type=completion_request
2026-04-17 09:33:28 - api_gateway.routers.websocket_router - DEBUG - 📥 收到 ping: job_id=1a5e96f2-5264-40df-9ab3-af8f7f23e79e, sequence=1
2026-04-17 09:33:58 - api_gateway.routers.websocket_router - DEBUG - 📥 收到 ping: job_id=1a5e96f2-5264-40df-9ab3-af8f7f23e79e, sequence=2
2026-04-17 09:34:28 - api_gateway.routers.websocket_router - DEBUG - 📥 收到 ping: job_id=1a5e96f2-5264-40df-9ab3-af8f7f23e79e, sequence=3
2026-04-17 09:34:58 - api_gateway.routers.websocket_router - DEBUG - 📥 收到 ping: job_id=1a5e96f2-5264-40df-9ab3-af8f7f23e79e, sequence=4
2026-04-17 09:35:28 - api_gateway.routers.websocket_router - DEBUG - 📥 收到 ping: job_id=1a5e96f2-5264-40df-9ab3-af8f7f23e79e, sequence=5
2026-04-17 09:35:58 - api_gateway.routers.websocket_router - DEBUG - 📥 收到 ping: job_id=1a5e96f2-5264-40df-9ab3-af8f7f23e79e, sequence=6
2026-04-17 09:36:32 - api_gateway.routers.websocket_router - DEBUG - 📥 收到 ping: job_id=1a5e96f2-5264-40df-9ab3-af8f7f23e79e, sequence=7
2026-04-17 09:37:32 - api_gateway.routers.websocket_router - DEBUG - 📥 收到 ping: job_id=1a5e96f2-5264-40df-9ab3-af8f7f23e79e, sequence=8
2026-04-17 09:38:03 - api_gateway.websocket - INFO - ❌ WebSocket连接断开: job_id=1a5e96f2-5264-40df-9ab3-af8f7f23e79e
2026-04-17 09:38:03 - api_gateway.websocket - INFO - 🗑️  任务连接池已清空: job_id=1a5e96f2-5264-40df-9ab3-af8f7f23e79e
2026-04-17 09:38:03 - api_gateway.routers.websocket_router - INFO - 🔌 客户端主动断开连接: job_id=1a5e96f2-5264-40df-9ab3-af8f7f23e79e
2026-04-17 09:38:07 - api_gateway.websocket - INFO - ✅ WebSocket连接建立: job_id=1a5e96f2-5264-40df-9ab3-af8f7f23e79e, 当前连接数=1
2026-04-17 09:38:07 - api_gateway.routers.websocket_router - INFO - 📨 欢迎消息已发送: job_id=1a5e96f2-5264-40df-9ab3-af8f7f23e79e
2026-04-17 09:38:07 - api_gateway.repositories.review_repository - INFO - 📊 查询 subgraphs: job_id=1a5e96f2-5264-40df-9ab3-af8f7f23e79e
2026-04-17 09:38:07 - api_gateway.repositories.review_repository - INFO - ✅ 查询完成: 118 条记录
2026-04-17 09:38:38 - api_gateway.routers.websocket_router - DEBUG - 📥 收到 ping: job_id=1a5e96f2-5264-40df-9ab3-af8f7f23e79e, sequence=1
2026-04-17 09:39:08 - api_gateway.routers.websocket_router - DEBUG - 📥 收到 ping: job_id=1a5e96f2-5264-40df-9ab3-af8f7f23e79e, sequence=2
2026-04-17 09:39:38 - api_gateway.routers.websocket_router - DEBUG - 📥 收到 ping: job_id=1a5e96f2-5264-40df-9ab3-af8f7f23e79e, sequence=3
2026-04-17 09:40:08 - api_gateway.routers.websocket_router - DEBUG - 📥 收到 ping: job_id=1a5e96f2-5264-40df-9ab3-af8f7f23e79e, sequence=4
2026-04-17 09:40:38 - api_gateway.routers.websocket_router - DEBUG - 📥 收到 ping: job_id=1a5e96f2-5264-40df-9ab3-af8f7f23e79e, sequence=5
2026-04-17 09:41:08 - api_gateway.routers.websocket_router - DEBUG - 📥 收到 ping: job_id=1a5e96f2-5264-40df-9ab3-af8f7f23e79e, sequence=6
2026-04-17 09:42:32 - api_gateway.routers.websocket_router - DEBUG - 📥 收到 ping: job_id=1a5e96f2-5264-40df-9ab3-af8f7f23e79e, sequence=7
2026-04-17 09:43:32 - api_gateway.routers.websocket_router - DEBUG - 📥 收到 ping: job_id=1a5e96f2-5264-40df-9ab3-af8f7f23e79e, sequence=8
2026-04-17 09:44:26 - api_gateway.routers.websocket_router - DEBUG - 📥 收到 ping: job_id=1a5e96f2-5264-40df-9ab3-af8f7f23e79e, sequence=9
2026-04-17 09:44:31 - api_gateway.websocket - INFO - ❌ WebSocket连接断开: job_id=1a5e96f2-5264-40df-9ab3-af8f7f23e79e
2026-04-17 09:44:31 - api_gateway.websocket - INFO - 🗑️  任务连接池已清空: job_id=1a5e96f2-5264-40df-9ab3-af8f7f23e79e
2026-04-17 09:44:31 - api_gateway.routers.websocket_router - INFO - 🔌 客户端主动断开连接: job_id=1a5e96f2-5264-40df-9ab3-af8f7f23e79e
2026-04-17 09:44:41 - api_gateway.services.job_service - INFO - 📤 用户 a63b7863-5faf-4b00-9ec3-758495b0fb66 开始创建任务
2026-04-17 09:44:41 - api_gateway.utils.validators - INFO - ✅ DWG文件验证通过: 3d1.dwg
2026-04-17 09:44:41 - api_gateway.services.job_service - INFO - ✅ DWG文件验证通过: 3d1.dwg
2026-04-17 09:44:41 - api_gateway.utils.encryption - DEBUG - 检查文件加密状态（当前未实现，返回False）
2026-04-17 09:44:41 - api_gateway.utils.encryption - DEBUG - 文件未加密，无需解密
2026-04-17 09:44:41 - api_gateway.services.job_service - INFO - 📤 开始上传DWG文件: 3d1.dwg
2026-04-17 09:44:41 - api_gateway.utils.minio_client - INFO - ✅ 文件上传成功: dwg/2026/04/9b23baa1-ffae-44c6-9a69-9cb3784c8296.dwg (545936 bytes)
2026-04-17 09:44:41 - api_gateway.services.job_service - INFO - ✅ DWG文件上传成功: dwg/2026/04/9b23baa1-ffae-44c6-9a69-9cb3784c8296.dwg
2026-04-17 09:44:41 - api_gateway.repositories.job_repository - INFO - ✅ Job记录已创建: 3042a75b-e043-4034-9d75-bca60c752ca2
2026-04-17 09:44:41 - api_gateway.services.job_service - INFO - ✅ 聊天会话已创建: 3042a75b-e043-4034-9d75-bca60c752ca2, name=3d1
2026-04-17 09:44:41 - api_gateway.repositories.snapshot_repository - INFO - ✅ 价格快照已创建: job_id=3042a75b-e043-4034-9d75-bca60c752ca2, count=169
2026-04-17 09:44:41 - api_gateway.services.job_service - INFO - ✅ 快照创建完成: {'price_items_count': 169}
2026-04-17 09:44:41 - api_gateway.repositories.audit_repository - INFO - ✅ 审计日志已记录: file_upload - 3042a75b-e043-4034-9d75-bca60c752ca2
2026-04-17 09:44:41 - api_gateway.services.job_service - INFO - ✅ 数据库事务提交成功: 3042a75b-e043-4034-9d75-bca60c752ca2
2026-04-17 09:44:41 - api_gateway.utils.rabbitmq_client - INFO - ✅ 消息已发送到队列 [job_processing]: 3042a75b-e043-4034-9d75-bca60c752ca2
2026-04-17 09:44:41 - api_gateway.services.job_service - INFO - ✅ 消息已发送到RabbitMQ: 3042a75b-e043-4034-9d75-bca60c752ca2
2026-04-17 09:44:41 - api_gateway.services.job_service - INFO - 🎉 任务创建完成: 3042a75b-e043-4034-9d75-bca60c752ca2
2026-04-17 09:44:41 - api_gateway.websocket - WARNING - ⚠️  没有活跃连接: job_id=3042a75b-e043-4034-9d75-bca60c752ca2
2026-04-17 09:44:41 - api_gateway.utils.redis_client - DEBUG - 📤 Redis消息已发布: channel=job:3042a75b-e043-4034-9d75-bca60c752ca2:progress
2026-04-17 09:44:41 - api_gateway.websocket - DEBUG - 💾 消息已保存到历史: job_id=3042a75b-e043-4034-9d75-bca60c752ca2
2026-04-17 09:44:41 - api_gateway.utils.chat_logger - DEBUG - 系统消息已记录: 3042a75b-e043-4034-9d75-bca60c752ca2
2026-04-17 09:44:41 - api_gateway.websocket - DEBUG - 💾 消息已持久化到数据库: job_id=3042a75b-e043-4034-9d75-bca60c752ca2, type=progress
2026-04-17 09:44:41 - api_gateway.websocket - INFO - ✅ Redis消息已处理: job_id=3042a75b-e043-4034-9d75-bca60c752ca2, channel=progress, type=progress
2026-04-17 09:44:41 - api_gateway.websocket - INFO - ✅ WebSocket连接建立: job_id=3042a75b-e043-4034-9d75-bca60c752ca2, 当前连接数=1
2026-04-17 09:44:41 - api_gateway.routers.websocket_router - INFO - 📨 欢迎消息已发送: job_id=3042a75b-e043-4034-9d75-bca60c752ca2
2026-04-17 09:44:43 - api_gateway.websocket - INFO - ❌ WebSocket连接断开: job_id=3042a75b-e043-4034-9d75-bca60c752ca2
2026-04-17 09:44:43 - api_gateway.websocket - INFO - 🗑️  任务连接池已清空: job_id=3042a75b-e043-4034-9d75-bca60c752ca2
2026-04-17 09:44:43 - api_gateway.routers.websocket_router - INFO - 🔌 客户端主动断开连接: job_id=3042a75b-e043-4034-9d75-bca60c752ca2
2026-04-17 09:44:43 - api_gateway.websocket - INFO - ✅ WebSocket连接建立: job_id=1a5e96f2-5264-40df-9ab3-af8f7f23e79e, 当前连接数=1
2026-04-17 09:44:43 - api_gateway.routers.websocket_router - INFO - 📨 欢迎消息已发送: job_id=1a5e96f2-5264-40df-9ab3-af8f7f23e79e
2026-04-17 09:44:43 - api_gateway.repositories.review_repository - INFO - 📊 查询 subgraphs: job_id=1a5e96f2-5264-40df-9ab3-af8f7f23e79e
2026-04-17 09:44:43 - api_gateway.repositories.review_repository - INFO - ✅ 查询完成: 118 条记录
2026-04-17 09:44:48 - api_gateway.websocket - WARNING - ⚠️  没有活跃连接: job_id=3042a75b-e043-4034-9d75-bca60c752ca2
2026-04-17 09:44:48 - api_gateway.websocket - DEBUG - 💾 消息已保存到历史: job_id=3042a75b-e043-4034-9d75-bca60c752ca2
2026-04-17 09:44:48 - api_gateway.utils.chat_logger - DEBUG - 系统消息已记录: 3042a75b-e043-4034-9d75-bca60c752ca2
2026-04-17 09:44:48 - api_gateway.websocket - DEBUG - 💾 消息已持久化到数据库: job_id=3042a75b-e043-4034-9d75-bca60c752ca2, type=progress
2026-04-17 09:44:48 - api_gateway.websocket - INFO - ✅ Redis消息已处理: job_id=3042a75b-e043-4034-9d75-bca60c752ca2, channel=progress, type=progress
2026-04-17 09:44:48 - api_gateway.websocket - WARNING - ⚠️  没有活跃连接: job_id=3042a75b-e043-4034-9d75-bca60c752ca2
2026-04-17 09:44:48 - api_gateway.websocket - DEBUG - 💾 消息已保存到历史: job_id=3042a75b-e043-4034-9d75-bca60c752ca2
2026-04-17 09:44:48 - api_gateway.utils.chat_logger - DEBUG - 系统消息已记录: 3042a75b-e043-4034-9d75-bca60c752ca2
2026-04-17 09:44:48 - api_gateway.websocket - DEBUG - 💾 消息已持久化到数据库: job_id=3042a75b-e043-4034-9d75-bca60c752ca2, type=progress
2026-04-17 09:44:48 - api_gateway.websocket - INFO - ✅ Redis消息已处理: job_id=3042a75b-e043-4034-9d75-bca60c752ca2, channel=progress, type=progress
2026-04-17 09:44:48 - api_gateway.websocket - WARNING - ⚠️  没有活跃连接: job_id=3042a75b-e043-4034-9d75-bca60c752ca2
2026-04-17 09:44:48 - api_gateway.websocket - DEBUG - 💾 消息已保存到历史: job_id=3042a75b-e043-4034-9d75-bca60c752ca2
2026-04-17 09:44:48 - api_gateway.utils.chat_logger - DEBUG - 系统消息已记录: 3042a75b-e043-4034-9d75-bca60c752ca2
2026-04-17 09:44:48 - api_gateway.websocket - DEBUG - 💾 消息已持久化到数据库: job_id=3042a75b-e043-4034-9d75-bca60c752ca2, type=progress
2026-04-17 09:44:48 - api_gateway.websocket - INFO - ✅ Redis消息已处理: job_id=3042a75b-e043-4034-9d75-bca60c752ca2, channel=progress, type=progress
2026-04-17 09:44:48 - api_gateway.utils.redis_client - DEBUG - 📤 Redis消息已发布: channel=job:3042a75b-e043-4034-9d75-bca60c752ca2:progress
2026-04-17 09:44:54 - api_gateway.websocket - WARNING - ⚠️  没有活跃连接: job_id=3042a75b-e043-4034-9d75-bca60c752ca2
2026-04-17 09:44:54 - api_gateway.utils.redis_client - DEBUG - 📤 Redis消息已发布: channel=job:3042a75b-e043-4034-9d75-bca60c752ca2:progress
2026-04-17 09:44:54 - api_gateway.websocket - DEBUG - 💾 消息已保存到历史: job_id=3042a75b-e043-4034-9d75-bca60c752ca2
2026-04-17 09:44:54 - api_gateway.utils.chat_logger - DEBUG - 系统消息已记录: 3042a75b-e043-4034-9d75-bca60c752ca2
2026-04-17 09:44:54 - api_gateway.websocket - DEBUG - 💾 消息已持久化到数据库: job_id=3042a75b-e043-4034-9d75-bca60c752ca2, type=progress
2026-04-17 09:44:54 - api_gateway.websocket - INFO - ✅ Redis消息已处理: job_id=3042a75b-e043-4034-9d75-bca60c752ca2, channel=progress, type=progress
2026-04-17 09:44:54 - api_gateway.websocket - WARNING - ⚠️  没有活跃连接: job_id=3042a75b-e043-4034-9d75-bca60c752ca2
2026-04-17 09:44:54 - api_gateway.utils.redis_client - DEBUG - 📤 Redis消息已发布: channel=job:3042a75b-e043-4034-9d75-bca60c752ca2:progress
2026-04-17 09:44:54 - api_gateway.websocket - DEBUG - 💾 消息已保存到历史: job_id=3042a75b-e043-4034-9d75-bca60c752ca2
2026-04-17 09:44:54 - api_gateway.utils.chat_logger - DEBUG - 系统消息已记录: 3042a75b-e043-4034-9d75-bca60c752ca2
2026-04-17 09:44:54 - api_gateway.websocket - DEBUG - 💾 消息已持久化到数据库: job_id=3042a75b-e043-4034-9d75-bca60c752ca2, type=progress
2026-04-17 09:44:54 - api_gateway.websocket - INFO - ✅ Redis消息已处理: job_id=3042a75b-e043-4034-9d75-bca60c752ca2, channel=progress, type=progress
2026-04-17 09:44:54 - api_gateway.websocket - WARNING - ⚠️  没有活跃连接: job_id=3042a75b-e043-4034-9d75-bca60c752ca2
2026-04-17 09:44:54 - api_gateway.utils.redis_client - DEBUG - 📤 Redis消息已发布: channel=job:3042a75b-e043-4034-9d75-bca60c752ca2:progress
2026-04-17 09:44:54 - api_gateway.websocket - DEBUG - 💾 消息已保存到历史: job_id=3042a75b-e043-4034-9d75-bca60c752ca2
2026-04-17 09:44:54 - api_gateway.utils.chat_logger - DEBUG - 系统消息已记录: 3042a75b-e043-4034-9d75-bca60c752ca2
2026-04-17 09:44:54 - api_gateway.websocket - DEBUG - 💾 消息已持久化到数据库: job_id=3042a75b-e043-4034-9d75-bca60c752ca2, type=progress
2026-04-17 09:44:54 - api_gateway.websocket - INFO - ✅ Redis消息已处理: job_id=3042a75b-e043-4034-9d75-bca60c752ca2, channel=progress, type=progress
2026-04-17 09:44:58 - api_gateway.routers.websocket_router - DEBUG - 📥 收到 ping: job_id=1a5e96f2-5264-40df-9ab3-af8f7f23e79e, sequence=1
2026-04-17 09:45:04 - api_gateway.websocket - INFO - ❌ WebSocket连接断开: job_id=1a5e96f2-5264-40df-9ab3-af8f7f23e79e
2026-04-17 09:45:04 - api_gateway.websocket - INFO - 🗑️  任务连接池已清空: job_id=1a5e96f2-5264-40df-9ab3-af8f7f23e79e
2026-04-17 09:45:04 - api_gateway.routers.websocket_router - INFO - 🔌 客户端主动断开连接: job_id=1a5e96f2-5264-40df-9ab3-af8f7f23e79e
2026-04-17 09:45:04 - api_gateway.websocket - INFO - ✅ WebSocket连接建立: job_id=3042a75b-e043-4034-9d75-bca60c752ca2, 当前连接数=1
2026-04-17 09:45:04 - api_gateway.routers.websocket_router - INFO - 📨 欢迎消息已发送: job_id=3042a75b-e043-4034-9d75-bca60c752ca2
2026-04-17 09:45:04 - api_gateway.routers.review_router - INFO - 📋 启动审核: job_id=3042a75b-e043-4034-9d75-bca60c752ca2, user_id=a63b7863-5faf-4b00-9ec3-758495b0fb66
2026-04-17 09:45:04 - api_gateway.utils.chat_logger - INFO - 📝 开始检查会话: session_id=3042a75b-e043-4034-9d75-bca60c752ca2
2026-04-17 09:45:04 - api_gateway.utils.chat_logger - DEBUG - 查询会话信息...
2026-04-17 09:45:04 - api_gateway.utils.chat_logger - DEBUG - ✅ 会话已存在: 3042a75b-e043-4034-9d75-bca60c752ca2
2026-04-17 09:45:04 - api_gateway.repositories.review_repository - INFO - 📊 批量查询审核数据（4表架构）: job_id=3042a75b-e043-4034-9d75-bca60c752ca2
2026-04-17 09:45:04 - api_gateway.repositories.review_repository - INFO - 📊 查询 features: job_id=3042a75b-e043-4034-9d75-bca60c752ca2
2026-04-17 09:45:04 - api_gateway.repositories.review_repository - INFO - ✅ 查询完成: 5 条记录
2026-04-17 09:45:04 - api_gateway.repositories.review_repository - INFO - 📊 查询 price_snapshots: job_id=3042a75b-e043-4034-9d75-bca60c752ca2
2026-04-17 09:45:04 - api_gateway.repositories.review_repository - INFO - ✅ 查询完成: 169 条记录
2026-04-17 09:45:04 - api_gateway.repositories.review_repository - INFO - 📊 查询 subgraphs: job_id=3042a75b-e043-4034-9d75-bca60c752ca2
2026-04-17 09:45:04 - api_gateway.repositories.review_repository - INFO - ✅ 查询完成: 5 条记录
2026-04-17 09:45:04 - api_gateway.repositories.review_repository - INFO - 📊 查询 processing_cost_calculation_details: job_id=3042a75b-e043-4034-9d75-bca60c752ca2
2026-04-17 09:45:04 - api_gateway.repositories.review_repository - INFO - ✅ 查询完成: 5 条记录
2026-04-17 09:45:04 - api_gateway.repositories.review_repository - INFO - ✅ 批量查询完成: features=5, job_price_snapshots=169, subgraphs=5, processing_cost_calculation_details=5
2026-04-17 09:45:04 - api_gateway.utils.redis_client - DEBUG - 📤 Redis消息已发布: channel=job:3042a75b-e043-4034-9d75-bca60c752ca2:review
2026-04-17 09:45:04 - api_gateway.websocket - INFO - 📤 消息已发送: job_id=3042a75b-e043-4034-9d75-bca60c752ca2, 接收者=1
2026-04-17 09:45:04 - api_gateway.utils.chat_logger - DEBUG - 系统消息已记录: 3042a75b-e043-4034-9d75-bca60c752ca2
2026-04-17 09:45:04 - api_gateway.routers.review_router - INFO - ✅ 审核启动成功: job_id=3042a75b-e043-4034-9d75-bca60c752ca2
2026-04-17 09:45:04 - api_gateway.websocket - DEBUG - 💾 消息已保存到历史: job_id=3042a75b-e043-4034-9d75-bca60c752ca2
2026-04-17 09:45:04 - api_gateway.websocket - INFO - ✅ Redis消息已处理: job_id=3042a75b-e043-4034-9d75-bca60c752ca2, channel=review, type=review_display_view
2026-04-17 09:45:19 - api_gateway.routers.websocket_router - DEBUG - 📥 收到 ping: job_id=3042a75b-e043-4034-9d75-bca60c752ca2, sequence=1
2026-04-17 09:45:34 - api_gateway.routers.websocket_router - DEBUG - 📥 收到 ping: job_id=3042a75b-e043-4034-9d75-bca60c752ca2, sequence=2
2026-04-17 09:45:49 - api_gateway.routers.websocket_router - DEBUG - 📥 收到 ping: job_id=3042a75b-e043-4034-9d75-bca60c752ca2, sequence=3
2026-04-17 09:46:04 - api_gateway.routers.websocket_router - DEBUG - 📥 收到 ping: job_id=3042a75b-e043-4034-9d75-bca60c752ca2, sequence=4
2026-04-17 09:46:19 - api_gateway.routers.websocket_router - DEBUG - 📥 收到 ping: job_id=3042a75b-e043-4034-9d75-bca60c752ca2, sequence=5
2026-04-17 09:46:34 - api_gateway.routers.websocket_router - DEBUG - 📥 收到 ping: job_id=3042a75b-e043-4034-9d75-bca60c752ca2, sequence=6
2026-04-17 09:46:49 - api_gateway.routers.websocket_router - DEBUG - 📥 收到 ping: job_id=3042a75b-e043-4034-9d75-bca60c752ca2, sequence=7
2026-04-17 09:47:04 - api_gateway.routers.websocket_router - DEBUG - 📥 收到 ping: job_id=3042a75b-e043-4034-9d75-bca60c752ca2, sequence=8
2026-04-17 09:47:19 - api_gateway.routers.websocket_router - DEBUG - 📥 收到 ping: job_id=3042a75b-e043-4034-9d75-bca60c752ca2, sequence=9
2026-04-17 09:47:34 - api_gateway.routers.websocket_router - DEBUG - 📥 收到 ping: job_id=3042a75b-e043-4034-9d75-bca60c752ca2, sequence=10
2026-04-17 09:47:49 - api_gateway.routers.websocket_router - DEBUG - 📥 收到 ping: job_id=3042a75b-e043-4034-9d75-bca60c752ca2, sequence=11
2026-04-17 09:48:04 - api_gateway.routers.websocket_router - DEBUG - 📥 收到 ping: job_id=3042a75b-e043-4034-9d75-bca60c752ca2, sequence=12
2026-04-17 09:48:19 - api_gateway.routers.websocket_router - DEBUG - 📥 收到 ping: job_id=3042a75b-e043-4034-9d75-bca60c752ca2, sequence=13
2026-04-17 09:48:34 - api_gateway.routers.websocket_router - DEBUG - 📥 收到 ping: job_id=3042a75b-e043-4034-9d75-bca60c752ca2, sequence=14
2026-04-17 09:48:49 - api_gateway.routers.websocket_router - DEBUG - 📥 收到 ping: job_id=3042a75b-e043-4034-9d75-bca60c752ca2, sequence=15
2026-04-17 09:49:04 - api_gateway.routers.websocket_router - DEBUG - 📥 收到 ping: job_id=3042a75b-e043-4034-9d75-bca60c752ca2, sequence=16
2026-04-17 09:49:19 - api_gateway.routers.websocket_router - DEBUG - 📥 收到 ping: job_id=3042a75b-e043-4034-9d75-bca60c752ca2, sequence=17
2026-04-17 09:49:34 - api_gateway.routers.websocket_router - DEBUG - 📥 收到 ping: job_id=3042a75b-e043-4034-9d75-bca60c752ca2, sequence=18
2026-04-17 09:49:49 - api_gateway.routers.websocket_router - DEBUG - 📥 收到 ping: job_id=3042a75b-e043-4034-9d75-bca60c752ca2, sequence=19
2026-04-17 09:50:04 - api_gateway.routers.websocket_router - DEBUG - 📥 收到 ping: job_id=3042a75b-e043-4034-9d75-bca60c752ca2, sequence=20
2026-04-17 09:50:19 - api_gateway.routers.websocket_router - DEBUG - 📥 收到 ping: job_id=3042a75b-e043-4034-9d75-bca60c752ca2, sequence=21
2026-04-17 09:50:34 - api_gateway.routers.websocket_router - DEBUG - 📥 收到 ping: job_id=3042a75b-e043-4034-9d75-bca60c752ca2, sequence=22
2026-04-17 09:50:49 - api_gateway.routers.websocket_router - DEBUG - 📥 收到 ping: job_id=3042a75b-e043-4034-9d75-bca60c752ca2, sequence=23
2026-04-17 09:51:04 - api_gateway.routers.websocket_router - DEBUG - 📥 收到 ping: job_id=3042a75b-e043-4034-9d75-bca60c752ca2, sequence=24
2026-04-17 09:51:19 - api_gateway.routers.websocket_router - DEBUG - 📥 收到 ping: job_id=3042a75b-e043-4034-9d75-bca60c752ca2, sequence=25
2026-04-17 09:51:34 - api_gateway.routers.websocket_router - DEBUG - 📥 收到 ping: job_id=3042a75b-e043-4034-9d75-bca60c752ca2, sequence=26
2026-04-17 09:51:49 - api_gateway.routers.websocket_router - DEBUG - 📥 收到 ping: job_id=3042a75b-e043-4034-9d75-bca60c752ca2, sequence=27
2026-04-17 09:52:04 - api_gateway.routers.websocket_router - DEBUG - 📥 收到 ping: job_id=3042a75b-e043-4034-9d75-bca60c752ca2, sequence=28
2026-04-17 09:52:19 - api_gateway.routers.websocket_router - DEBUG - 📥 收到 ping: job_id=3042a75b-e043-4034-9d75-bca60c752ca2, sequence=29
2026-04-17 09:52:34 - api_gateway.routers.websocket_router - DEBUG - 📥 收到 ping: job_id=3042a75b-e043-4034-9d75-bca60c752ca2, sequence=30
2026-04-17 09:52:49 - api_gateway.routers.websocket_router - DEBUG - 📥 收到 ping: job_id=3042a75b-e043-4034-9d75-bca60c752ca2, sequence=31
2026-04-17 09:53:04 - api_gateway.routers.websocket_router - DEBUG - 📥 收到 ping: job_id=3042a75b-e043-4034-9d75-bca60c752ca2, sequence=32
2026-04-17 09:53:19 - api_gateway.routers.websocket_router - DEBUG - 📥 收到 ping: job_id=3042a75b-e043-4034-9d75-bca60c752ca2, sequence=33
2026-04-17 09:53:34 - api_gateway.routers.websocket_router - DEBUG - 📥 收到 ping: job_id=3042a75b-e043-4034-9d75-bca60c752ca2, sequence=34
2026-04-17 09:53:49 - api_gateway.routers.websocket_router - DEBUG - 📥 收到 ping: job_id=3042a75b-e043-4034-9d75-bca60c752ca2, sequence=35
2026-04-17 09:54:04 - api_gateway.routers.websocket_router - DEBUG - 📥 收到 ping: job_id=3042a75b-e043-4034-9d75-bca60c752ca2, sequence=36
2026-04-17 09:54:19 - api_gateway.routers.websocket_router - DEBUG - 📥 收到 ping: job_id=3042a75b-e043-4034-9d75-bca60c752ca2, sequence=37
2026-04-17 09:54:34 - api_gateway.routers.websocket_router - DEBUG - 📥 收到 ping: job_id=3042a75b-e043-4034-9d75-bca60c752ca2, sequence=38
2026-04-17 09:54:49 - api_gateway.routers.websocket_router - DEBUG - 📥 收到 ping: job_id=3042a75b-e043-4034-9d75-bca60c752ca2, sequence=39
2026-04-17 09:55:04 - api_gateway.routers.websocket_router - DEBUG - 📥 收到 ping: job_id=3042a75b-e043-4034-9d75-bca60c752ca2, sequence=40
2026-04-17 09:55:19 - api_gateway.routers.websocket_router - DEBUG - 📥 收到 ping: job_id=3042a75b-e043-4034-9d75-bca60c752ca2, sequence=41
2026-04-17 09:55:35 - api_gateway.routers.websocket_router - DEBUG - 📥 收到 ping: job_id=3042a75b-e043-4034-9d75-bca60c752ca2, sequence=42
2026-04-17 09:55:50 - api_gateway.routers.websocket_router - DEBUG - 📥 收到 ping: job_id=3042a75b-e043-4034-9d75-bca60c752ca2, sequence=43
2026-04-17 09:56:05 - api_gateway.routers.websocket_router - DEBUG - 📥 收到 ping: job_id=3042a75b-e043-4034-9d75-bca60c752ca2, sequence=44
2026-04-17 09:56:20 - api_gateway.routers.websocket_router - DEBUG - 📥 收到 ping: job_id=3042a75b-e043-4034-9d75-bca60c752ca2, sequence=45
2026-04-17 09:57:21 - api_gateway.routers.websocket_router - DEBUG - 📥 收到 ping: job_id=3042a75b-e043-4034-9d75-bca60c752ca2, sequence=46
2026-04-17 09:58:22 - api_gateway.routers.websocket_router - DEBUG - 📥 收到 ping: job_id=3042a75b-e043-4034-9d75-bca60c752ca2, sequence=47
2026-04-17 09:59:23 - api_gateway.routers.websocket_router - DEBUG - 📥 收到 ping: job_id=3042a75b-e043-4034-9d75-bca60c752ca2, sequence=48
2026-04-17 10:00:24 - api_gateway.routers.websocket_router - DEBUG - 📥 收到 ping: job_id=3042a75b-e043-4034-9d75-bca60c752ca2, sequence=49
2026-04-17 10:01:25 - api_gateway.routers.websocket_router - DEBUG - 📥 收到 ping: job_id=3042a75b-e043-4034-9d75-bca60c752ca2, sequence=50
2026-04-17 10:02:26 - api_gateway.routers.websocket_router - DEBUG - 📥 收到 ping: job_id=3042a75b-e043-4034-9d75-bca60c752ca2, sequence=51
2026-04-17 10:03:27 - api_gateway.routers.websocket_router - DEBUG - 📥 收到 ping: job_id=3042a75b-e043-4034-9d75-bca60c752ca2, sequence=52
2026-04-17 10:04:28 - api_gateway.routers.websocket_router - DEBUG - 📥 收到 ping: job_id=3042a75b-e043-4034-9d75-bca60c752ca2, sequence=53
2026-04-17 10:05:29 - api_gateway.routers.websocket_router - DEBUG - 📥 收到 ping: job_id=3042a75b-e043-4034-9d75-bca60c752ca2, sequence=54
2026-04-17 10:06:30 - api_gateway.routers.websocket_router - DEBUG - 📥 收到 ping: job_id=3042a75b-e043-4034-9d75-bca60c752ca2, sequence=55
2026-04-17 10:07:31 - api_gateway.routers.websocket_router - DEBUG - 📥 收到 ping: job_id=3042a75b-e043-4034-9d75-bca60c752ca2, sequence=56
2026-04-17 10:08:32 - api_gateway.routers.websocket_router - DEBUG - 📥 收到 ping: job_id=3042a75b-e043-4034-9d75-bca60c752ca2, sequence=57
2026-04-17 10:09:32 - api_gateway.routers.websocket_router - DEBUG - 📥 收到 ping: job_id=3042a75b-e043-4034-9d75-bca60c752ca2, sequence=58
2026-04-17 10:10:09 - api_gateway.routers.websocket_router - DEBUG - 📥 收到 ping: job_id=3042a75b-e043-4034-9d75-bca60c752ca2, sequence=59
2026-04-17 10:10:20 - api_gateway.routers.websocket_router - DEBUG - 📥 收到 ping: job_id=3042a75b-e043-4034-9d75-bca60c752ca2, sequence=60
2026-04-17 10:10:35 - api_gateway.routers.websocket_router - DEBUG - 📥 收到 ping: job_id=3042a75b-e043-4034-9d75-bca60c752ca2, sequence=61
2026-04-17 10:10:50 - api_gateway.routers.websocket_router - DEBUG - 📥 收到 ping: job_id=3042a75b-e043-4034-9d75-bca60c752ca2, sequence=62
2026-04-17 10:11:05 - api_gateway.routers.websocket_router - DEBUG - 📥 收到 ping: job_id=3042a75b-e043-4034-9d75-bca60c752ca2, sequence=63
2026-04-17 10:11:32 - api_gateway.routers.websocket_router - DEBUG - 📥 收到 ping: job_id=3042a75b-e043-4034-9d75-bca60c752ca2, sequence=64
2026-04-17 10:12:32 - api_gateway.routers.websocket_router - DEBUG - 📥 收到 ping: job_id=3042a75b-e043-4034-9d75-bca60c752ca2, sequence=65
2026-04-17 10:12:38 - api_gateway.routers.websocket_router - DEBUG - 📥 收到 ping: job_id=3042a75b-e043-4034-9d75-bca60c752ca2, sequence=66
2026-04-17 10:12:49 - api_gateway.routers.websocket_router - DEBUG - 📥 收到 ping: job_id=3042a75b-e043-4034-9d75-bca60c752ca2, sequence=67
2026-04-17 10:13:04 - api_gateway.routers.websocket_router - DEBUG - 📥 收到 ping: job_id=3042a75b-e043-4034-9d75-bca60c752ca2, sequence=68
2026-04-17 10:13:19 - api_gateway.routers.websocket_router - DEBUG - 📥 收到 ping: job_id=3042a75b-e043-4034-9d75-bca60c752ca2, sequence=69
2026-04-17 10:13:34 - api_gateway.routers.websocket_router - DEBUG - 📥 收到 ping: job_id=3042a75b-e043-4034-9d75-bca60c752ca2, sequence=70
2026-04-17 10:13:49 - api_gateway.routers.websocket_router - DEBUG - 📥 收到 ping: job_id=3042a75b-e043-4034-9d75-bca60c752ca2, sequence=71
2026-04-17 10:14:04 - api_gateway.routers.websocket_router - DEBUG - 📥 收到 ping: job_id=3042a75b-e043-4034-9d75-bca60c752ca2, sequence=72
2026-04-17 10:14:19 - api_gateway.routers.websocket_router - DEBUG - 📥 收到 ping: job_id=3042a75b-e043-4034-9d75-bca60c752ca2, sequence=73
2026-04-17 10:14:34 - api_gateway.routers.websocket_router - DEBUG - 📥 收到 ping: job_id=3042a75b-e043-4034-9d75-bca60c752ca2, sequence=74
2026-04-17 10:14:49 - api_gateway.routers.websocket_router - DEBUG - 📥 收到 ping: job_id=3042a75b-e043-4034-9d75-bca60c752ca2, sequence=75
2026-04-17 10:15:04 - api_gateway.routers.websocket_router - DEBUG - 📥 收到 ping: job_id=3042a75b-e043-4034-9d75-bca60c752ca2, sequence=76
2026-04-17 10:15:18 - api_gateway.websocket - INFO - ❌ WebSocket连接断开: job_id=3042a75b-e043-4034-9d75-bca60c752ca2
2026-04-17 10:15:18 - api_gateway.websocket - INFO - 🗑️  任务连接池已清空: job_id=3042a75b-e043-4034-9d75-bca60c752ca2
2026-04-17 10:15:18 - api_gateway.routers.websocket_router - INFO - 🔌 客户端主动断开连接: job_id=3042a75b-e043-4034-9d75-bca60c752ca2
2026-04-17 10:15:18 - api_gateway.websocket - INFO - ✅ WebSocket连接建立: job_id=1a5e96f2-5264-40df-9ab3-af8f7f23e79e, 当前连接数=1
2026-04-17 10:15:18 - api_gateway.routers.websocket_router - INFO - 📨 欢迎消息已发送: job_id=1a5e96f2-5264-40df-9ab3-af8f7f23e79e
2026-04-17 10:15:18 - api_gateway.repositories.review_repository - INFO - 📊 查询 subgraphs: job_id=1a5e96f2-5264-40df-9ab3-af8f7f23e79e
2026-04-17 10:15:18 - api_gateway.repositories.review_repository - INFO - ✅ 查询完成: 118 条记录
2026-04-17 10:15:20 - api_gateway.routers.jobs - INFO - 收到继续核算请求: job_id=1a5e96f2-5264-40df-9ab3-af8f7f23e79e, user_id=a63b7863-5faf-4b00-9ec3-758495b0fb66
2026-04-17 10:15:20 - api_gateway.routers.jobs - INFO - 继续核算任务已调度: job_id=1a5e96f2-5264-40df-9ab3-af8f7f23e79e
2026-04-17 10:15:20 - api_gateway.routers.jobs - INFO - 后台继续核算任务开始: job_id=1a5e96f2-5264-40df-9ab3-af8f7f23e79e
2026-04-17 10:15:20 - api_gateway.utils.redis_client - DEBUG - 📤 Redis消息已发布: channel=job:1a5e96f2-5264-40df-9ab3-af8f7f23e79e:progress
2026-04-17 10:15:20 - api_gateway.websocket - INFO - 📤 消息已发送: job_id=1a5e96f2-5264-40df-9ab3-af8f7f23e79e, 接收者=1
2026-04-17 10:15:20 - api_gateway.websocket - DEBUG - 💾 消息已保存到历史: job_id=1a5e96f2-5264-40df-9ab3-af8f7f23e79e
2026-04-17 10:15:20 - api_gateway.utils.redis_client - DEBUG - 📤 Redis消息已发布: channel=job:1a5e96f2-5264-40df-9ab3-af8f7f23e79e:progress
2026-04-17 10:15:20 - api_gateway.utils.chat_logger - DEBUG - 系统消息已记录: 1a5e96f2-5264-40df-9ab3-af8f7f23e79e
2026-04-17 10:15:20 - api_gateway.websocket - DEBUG - 💾 消息已持久化到数据库: job_id=1a5e96f2-5264-40df-9ab3-af8f7f23e79e, type=progress
2026-04-17 10:15:20 - api_gateway.websocket - INFO - ✅ Redis消息已处理: job_id=1a5e96f2-5264-40df-9ab3-af8f7f23e79e, channel=progress, type=progress
2026-04-17 10:15:20 - api_gateway.websocket - INFO - 📤 消息已发送: job_id=1a5e96f2-5264-40df-9ab3-af8f7f23e79e, 接收者=1
2026-04-17 10:15:20 - api_gateway.websocket - DEBUG - 💾 消息已保存到历史: job_id=1a5e96f2-5264-40df-9ab3-af8f7f23e79e
2026-04-17 10:15:20 - api_gateway.utils.chat_logger - DEBUG - 系统消息已记录: 1a5e96f2-5264-40df-9ab3-af8f7f23e79e
2026-04-17 10:15:20 - api_gateway.websocket - DEBUG - 💾 消息已持久化到数据库: job_id=1a5e96f2-5264-40df-9ab3-af8f7f23e79e, type=progress
2026-04-17 10:15:20 - api_gateway.websocket - INFO - ✅ Redis消息已处理: job_id=1a5e96f2-5264-40df-9ab3-af8f7f23e79e, channel=progress, type=progress
2026-04-17 10:15:24 - api_gateway.utils.redis_client - DEBUG - 📤 Redis消息已发布: channel=job:1a5e96f2-5264-40df-9ab3-af8f7f23e79e:progress
2026-04-17 10:15:24 - api_gateway.websocket - INFO - 📤 消息已发送: job_id=1a5e96f2-5264-40df-9ab3-af8f7f23e79e, 接收者=1
2026-04-17 10:15:24 - api_gateway.websocket - DEBUG - 💾 消息已保存到历史: job_id=1a5e96f2-5264-40df-9ab3-af8f7f23e79e
2026-04-17 10:15:24 - api_gateway.utils.chat_logger - DEBUG - 系统消息已记录: 1a5e96f2-5264-40df-9ab3-af8f7f23e79e
2026-04-17 10:15:24 - api_gateway.websocket - DEBUG - 💾 消息已持久化到数据库: job_id=1a5e96f2-5264-40df-9ab3-af8f7f23e79e, type=progress
2026-04-17 10:15:24 - api_gateway.websocket - INFO - ✅ Redis消息已处理: job_id=1a5e96f2-5264-40df-9ab3-af8f7f23e79e, channel=progress, type=progress
2026-04-17 10:15:24 - api_gateway.routers.jobs - INFO - 后台继续核算任务完成: job_id=1a5e96f2-5264-40df-9ab3-af8f7f23e79e, status=ok
2026-04-17 10:15:24 - api_gateway.websocket - INFO - 📤 消息已发送: job_id=1a5e96f2-5264-40df-9ab3-af8f7f23e79e, 接收者=1
2026-04-17 10:15:24 - api_gateway.utils.redis_client - DEBUG - 📤 Redis消息已发布: channel=job:1a5e96f2-5264-40df-9ab3-af8f7f23e79e:progress
2026-04-17 10:15:24 - api_gateway.websocket - DEBUG - 💾 消息已保存到历史: job_id=1a5e96f2-5264-40df-9ab3-af8f7f23e79e
2026-04-17 10:15:24 - api_gateway.utils.chat_logger - DEBUG - 系统消息已记录: 1a5e96f2-5264-40df-9ab3-af8f7f23e79e
2026-04-17 10:15:24 - api_gateway.websocket - DEBUG - 💾 消息已持久化到数据库: job_id=1a5e96f2-5264-40df-9ab3-af8f7f23e79e, type=progress
2026-04-17 10:15:24 - api_gateway.websocket - INFO - ✅ Redis消息已处理: job_id=1a5e96f2-5264-40df-9ab3-af8f7f23e79e, channel=progress, type=progress
2026-04-17 10:15:33 - api_gateway.routers.websocket_router - DEBUG - 📥 收到 ping: job_id=1a5e96f2-5264-40df-9ab3-af8f7f23e79e, sequence=1
2026-04-17 10:15:48 - api_gateway.routers.websocket_router - DEBUG - 📥 收到 ping: job_id=1a5e96f2-5264-40df-9ab3-af8f7f23e79e, sequence=2
2026-04-17 10:16:03 - api_gateway.routers.websocket_router - DEBUG - 📥 收到 ping: job_id=1a5e96f2-5264-40df-9ab3-af8f7f23e79e, sequence=3
2026-04-17 10:16:18 - api_gateway.routers.websocket_router - DEBUG - 📥 收到 ping: job_id=1a5e96f2-5264-40df-9ab3-af8f7f23e79e, sequence=4
2026-04-17 10:16:33 - api_gateway.routers.websocket_router - DEBUG - 📥 收到 ping: job_id=1a5e96f2-5264-40df-9ab3-af8f7f23e79e, sequence=5
2026-04-17 10:16:48 - api_gateway.routers.websocket_router - DEBUG - 📥 收到 ping: job_id=1a5e96f2-5264-40df-9ab3-af8f7f23e79e, sequence=6
2026-04-17 10:17:03 - api_gateway.routers.websocket_router - DEBUG - 📥 收到 ping: job_id=1a5e96f2-5264-40df-9ab3-af8f7f23e79e, sequence=7
2026-04-17 10:17:18 - api_gateway.routers.websocket_router - DEBUG - 📥 收到 ping: job_id=1a5e96f2-5264-40df-9ab3-af8f7f23e79e, sequence=8
2026-04-17 10:17:33 - api_gateway.routers.websocket_router - DEBUG - 📥 收到 ping: job_id=1a5e96f2-5264-40df-9ab3-af8f7f23e79e, sequence=9
2026-04-17 10:17:48 - api_gateway.routers.websocket_router - DEBUG - 📥 收到 ping: job_id=1a5e96f2-5264-40df-9ab3-af8f7f23e79e, sequence=10
2026-04-17 10:18:03 - api_gateway.routers.websocket_router - DEBUG - 📥 收到 ping: job_id=1a5e96f2-5264-40df-9ab3-af8f7f23e79e, sequence=11
2026-04-17 10:18:18 - api_gateway.routers.websocket_router - DEBUG - 📥 收到 ping: job_id=1a5e96f2-5264-40df-9ab3-af8f7f23e79e, sequence=12
2026-04-17 10:18:33 - api_gateway.routers.websocket_router - DEBUG - 📥 收到 ping: job_id=1a5e96f2-5264-40df-9ab3-af8f7f23e79e, sequence=13
2026-04-17 10:18:48 - api_gateway.routers.websocket_router - DEBUG - 📥 收到 ping: job_id=1a5e96f2-5264-40df-9ab3-af8f7f23e79e, sequence=14
2026-04-17 10:19:03 - api_gateway.routers.websocket_router - DEBUG - 📥 收到 ping: job_id=1a5e96f2-5264-40df-9ab3-af8f7f23e79e, sequence=15
2026-04-17 10:19:18 - api_gateway.routers.websocket_router - DEBUG - 📥 收到 ping: job_id=1a5e96f2-5264-40df-9ab3-af8f7f23e79e, sequence=16
2026-04-17 10:19:33 - api_gateway.routers.websocket_router - DEBUG - 📥 收到 ping: job_id=1a5e96f2-5264-40df-9ab3-af8f7f23e79e, sequence=17
2026-04-17 10:19:48 - api_gateway.routers.websocket_router - DEBUG - 📥 收到 ping: job_id=1a5e96f2-5264-40df-9ab3-af8f7f23e79e, sequence=18
2026-04-17 10:20:03 - api_gateway.routers.websocket_router - DEBUG - 📥 收到 ping: job_id=1a5e96f2-5264-40df-9ab3-af8f7f23e79e, sequence=19
2026-04-17 10:20:19 - api_gateway.routers.websocket_router - DEBUG - 📥 收到 ping: job_id=1a5e96f2-5264-40df-9ab3-af8f7f23e79e, sequence=20
2026-04-17 10:20:34 - api_gateway.routers.websocket_router - DEBUG - 📥 收到 ping: job_id=1a5e96f2-5264-40df-9ab3-af8f7f23e79e, sequence=21
2026-04-17 10:20:49 - api_gateway.routers.websocket_router - DEBUG - 📥 收到 ping: job_id=1a5e96f2-5264-40df-9ab3-af8f7f23e79e, sequence=22
2026-04-17 10:21:04 - api_gateway.routers.websocket_router - DEBUG - 📥 收到 ping: job_id=1a5e96f2-5264-40df-9ab3-af8f7f23e79e, sequence=23
2026-04-17 10:21:32 - api_gateway.routers.websocket_router - DEBUG - 📥 收到 ping: job_id=1a5e96f2-5264-40df-9ab3-af8f7f23e79e, sequence=24
2026-04-17 10:22:10 - api_gateway.routers.websocket_router - DEBUG - 📥 收到 ping: job_id=1a5e96f2-5264-40df-9ab3-af8f7f23e79e, sequence=25
2026-04-17 10:22:18 - api_gateway.routers.websocket_router - DEBUG - 📥 收到 ping: job_id=1a5e96f2-5264-40df-9ab3-af8f7f23e79e, sequence=26
2026-04-17 10:22:33 - api_gateway.routers.websocket_router - DEBUG - 📥 收到 ping: job_id=1a5e96f2-5264-40df-9ab3-af8f7f23e79e, sequence=27
2026-04-17 10:22:49 - api_gateway.routers.websocket_router - DEBUG - 📥 收到 ping: job_id=1a5e96f2-5264-40df-9ab3-af8f7f23e79e, sequence=28
2026-04-17 10:23:04 - api_gateway.routers.websocket_router - DEBUG - 📥 收到 ping: job_id=1a5e96f2-5264-40df-9ab3-af8f7f23e79e, sequence=29
2026-04-17 10:23:19 - api_gateway.routers.websocket_router - DEBUG - 📥 收到 ping: job_id=1a5e96f2-5264-40df-9ab3-af8f7f23e79e, sequence=30
2026-04-17 10:23:34 - api_gateway.routers.websocket_router - DEBUG - 📥 收到 ping: job_id=1a5e96f2-5264-40df-9ab3-af8f7f23e79e, sequence=31
2026-04-17 10:24:32 - api_gateway.routers.websocket_router - DEBUG - 📥 收到 ping: job_id=1a5e96f2-5264-40df-9ab3-af8f7f23e79e, sequence=32
